<?xml version="1.0" encoding="UTF-8"?>
<!-- Generated by org.testng.reporters.JUnitReportReporter -->
<testsuite skipped="0" hostname="tvmonbroker" name="testcases.VerifyHyperlinks" tests="10" failures="0" timestamp="12 Jun 2019 09:54:29 GMT" time="25.068" errors="0">
  <testcase name="verifyFeaturedLanguages" time="2.364" classname="testcases.VerifyHyperlinks"/>
  <testcase name="verifyFeaturedLanguages" time="2.375" classname="testcases.VerifyHyperlinks"/>
  <testcase name="verifyFeaturedLanguages" time="3.528" classname="testcases.VerifyHyperlinks"/>
  <testcase name="verifyFeaturedLanguages" time="2.613" classname="testcases.VerifyHyperlinks"/>
  <testcase name="verifyFeaturedLanguages" time="2.360" classname="testcases.VerifyHyperlinks"/>
  <testcase name="verifyFeaturedLanguages" time="2.358" classname="testcases.VerifyHyperlinks"/>
  <testcase name="verifyFeaturedLanguages" time="2.370" classname="testcases.VerifyHyperlinks"/>
  <testcase name="verifyFeaturedLanguages" time="2.354" classname="testcases.VerifyHyperlinks"/>
  <testcase name="verifyFeaturedLanguages" time="2.371" classname="testcases.VerifyHyperlinks"/>
  <testcase name="verifyFeaturedLanguages" time="2.375" classname="testcases.VerifyHyperlinks"/>
</testsuite> <!-- testcases.VerifyHyperlinks -->
