<?xml version="1.0" encoding="UTF-8"?>
<!-- Generated by org.testng.reporters.JUnitReportReporter -->
<testsuite skipped="0" hostname="tvmonbroker" name="testcases.VerifyFeaturedLanguages" tests="10" failures="0" timestamp="12 Jun 2019 09:45:56 GMT" time="78.038" errors="0">
  <testcase name="verifyFeaturedLanguages" time="2.063" classname="testcases.VerifyFeaturedLanguages"/>
  <testcase name="verifyFeaturedLanguages" time="26.355" classname="testcases.VerifyFeaturedLanguages"/>
  <testcase name="verifyFeaturedLanguages" time="2.064" classname="testcases.VerifyFeaturedLanguages"/>
  <testcase name="verifyFeaturedLanguages" time="2.072" classname="testcases.VerifyFeaturedLanguages"/>
  <testcase name="verifyFeaturedLanguages" time="2.063" classname="testcases.VerifyFeaturedLanguages"/>
  <testcase name="verifyFeaturedLanguages" time="35.163" classname="testcases.VerifyFeaturedLanguages"/>
  <testcase name="verifyFeaturedLanguages" time="2.069" classname="testcases.VerifyFeaturedLanguages"/>
  <testcase name="verifyFeaturedLanguages" time="2.060" classname="testcases.VerifyFeaturedLanguages"/>
  <testcase name="verifyFeaturedLanguages" time="2.066" classname="testcases.VerifyFeaturedLanguages"/>
  <testcase name="verifyFeaturedLanguages" time="2.063" classname="testcases.VerifyFeaturedLanguages"/>
</testsuite> <!-- testcases.VerifyFeaturedLanguages -->
