<?xml version="1.0" encoding="UTF-8"?>
<!-- Generated by org.testng.reporters.JUnitReportReporter -->
<testsuite skipped="0" hostname="tvmonbroker" name="testcases.VerifyHyperlinks" tests="1" failures="0" timestamp="29 May 2019 06:39:36 GMT" time="105.410" errors="0">
  <testcase name="verifyFeaturedLanguages" time="105.410" classname="testcases.VerifyHyperlinks"/>
</testsuite> <!-- testcases.VerifyHyperlinks -->
