<?xml version="1.0" encoding="UTF-8"?>
<!-- Generated by org.testng.reporters.JUnitReportReporter -->
<testsuite skipped="0" hostname="tvmonbroker" name="testcases.VerifyFeaturedLanguages" tests="1" failures="0" timestamp="28 May 2019 16:32:49 GMT" time="51.720" errors="0">
  <testcase name="verifyFeaturedLanguages" time="51.720" classname="testcases.VerifyFeaturedLanguages"/>
</testsuite> <!-- testcases.VerifyFeaturedLanguages -->
