<?xml version="1.0" encoding="UTF-8"?>
<!-- Generated by org.testng.reporters.JUnitReportReporter -->
<testsuite skipped="0" hostname="tvmonbroker" name="testcases.VerifyFeaturedLanguages" tests="1" failures="0" timestamp="03 Jun 2019 09:26:13 GMT" time="2.384" errors="0">
  <testcase name="verifyFeaturedLanguages" time="2.384" classname="testcases.VerifyFeaturedLanguages"/>
</testsuite> <!-- testcases.VerifyFeaturedLanguages -->
