<?xml version="1.0" encoding="UTF-8"?>
<!-- Generated by org.testng.reporters.JUnitReportReporter -->
<testsuite skipped="0" hostname="tvmonbroker" name="testcases.VerifyHyperlinks" tests="10" failures="0" timestamp="12 Jun 2019 09:57:39 GMT" time="24.974" errors="0">
  <testcase name="verifyFeaturedLanguages" time="2.364" classname="testcases.VerifyHyperlinks"/>
  <testcase name="verifyFeaturedLanguages" time="2.366" classname="testcases.VerifyHyperlinks"/>
  <testcase name="verifyFeaturedLanguages" time="2.358" classname="testcases.VerifyHyperlinks"/>
  <testcase name="verifyFeaturedLanguages" time="2.374" classname="testcases.VerifyHyperlinks"/>
  <testcase name="verifyFeaturedLanguages" time="3.652" classname="testcases.VerifyHyperlinks"/>
  <testcase name="verifyFeaturedLanguages" time="2.382" classname="testcases.VerifyHyperlinks"/>
  <testcase name="verifyFeaturedLanguages" time="2.360" classname="testcases.VerifyHyperlinks"/>
  <testcase name="verifyFeaturedLanguages" time="2.382" classname="testcases.VerifyHyperlinks"/>
  <testcase name="verifyFeaturedLanguages" time="2.372" classname="testcases.VerifyHyperlinks"/>
  <testcase name="verifyFeaturedLanguages" time="2.364" classname="testcases.VerifyHyperlinks"/>
</testsuite> <!-- testcases.VerifyHyperlinks -->
