<?xml version="1.0" encoding="UTF-8"?>
<!-- Generated by org.testng.reporters.JUnitReportReporter -->
<testsuite skipped="0" hostname="tvmonbroker" name="testcases.VerifyFeaturedLanguages" tests="10" failures="0" timestamp="12 Jun 2019 09:57:39 GMT" time="20.413" errors="0">
  <testcase name="verifyFeaturedLanguages" time="2.062" classname="testcases.VerifyFeaturedLanguages"/>
  <testcase name="verifyFeaturedLanguages" time="2.041" classname="testcases.VerifyFeaturedLanguages"/>
  <testcase name="verifyFeaturedLanguages" time="2.036" classname="testcases.VerifyFeaturedLanguages"/>
  <testcase name="verifyFeaturedLanguages" time="2.046" classname="testcases.VerifyFeaturedLanguages"/>
  <testcase name="verifyFeaturedLanguages" time="2.036" classname="testcases.VerifyFeaturedLanguages"/>
  <testcase name="verifyFeaturedLanguages" time="2.038" classname="testcases.VerifyFeaturedLanguages"/>
  <testcase name="verifyFeaturedLanguages" time="2.037" classname="testcases.VerifyFeaturedLanguages"/>
  <testcase name="verifyFeaturedLanguages" time="2.035" classname="testcases.VerifyFeaturedLanguages"/>
  <testcase name="verifyFeaturedLanguages" time="2.038" classname="testcases.VerifyFeaturedLanguages"/>
  <testcase name="verifyFeaturedLanguages" time="2.044" classname="testcases.VerifyFeaturedLanguages"/>
</testsuite> <!-- testcases.VerifyFeaturedLanguages -->
